<?xml version="1.0" encoding="UTF-8"?>
<!-- Generated by org.testng.reporters.JUnitReportReporter -->
<testsuite hostname="LAPTOP-UODQ3HSG" failures="0" tests="2" name="qaclickacademy.Section22Mavenjava.RESTAPITest" time="0.011" errors="0" timestamp="26 May 2021 04:09:23 GMT" skipped="0">
  <testcase classname="qaclickacademy.Section22Mavenjava.RESTAPITest" name="DeleteTwitter" time="0.010"/>
  <testcase classname="qaclickacademy.Section22Mavenjava.RESTAPITest" name="PostJIRA" time="0.001"/>
</testsuite> <!-- qaclickacademy.Section22Mavenjava.RESTAPITest -->
