<?xml version="1.0" encoding="UTF-8"?>
<!-- Generated by org.testng.reporters.JUnitReportReporter -->
<testsuite skipped="0" hostname="LAPTOP-UODQ3HSG" name="qaclickacademy.Section22Mavenjava.AppiumTest" tests="2" failures="0" timestamp="26 May 2021 05:15:42 GMT" time="0.000" errors="0">
  <testcase name="AndroidApps" time="0.000" classname="qaclickacademy.Section22Mavenjava.AppiumTest"/>
  <testcase name="IOSApps" time="0.000" classname="qaclickacademy.Section22Mavenjava.AppiumTest"/>
</testsuite> <!-- qaclickacademy.Section22Mavenjava.AppiumTest -->
