<?xml version="1.0" encoding="UTF-8"?>
<!-- Generated by org.testng.reporters.JUnitReportReporter -->
<testsuite skipped="0" hostname="LAPTOP-UODQ3HSG" name="qaclickacademy.Section22Mavenjava.RESTAPITest" tests="2" failures="0" timestamp="26 May 2021 05:15:56 GMT" time="0.005" errors="0">
  <testcase name="DeleteTwitter" time="0.005" classname="qaclickacademy.Section22Mavenjava.RESTAPITest"/>
  <testcase name="PostJIRA" time="0.000" classname="qaclickacademy.Section22Mavenjava.RESTAPITest"/>
</testsuite> <!-- qaclickacademy.Section22Mavenjava.RESTAPITest -->
